pdf
exe
mp4
exe
exe
pdf
pdf
pptx
pdf
pptx
pptx
pdf
png
zip
zip
txt
exe
pdf
pdf
mp3
pdf
pdf
pdf
mp4
pptx
pptx
pptx
txt
txt
mid
mp4
pdf
pdf
png
png
pdf
png
png
pptx
pdf
pdf
docx
docx
pdf
pdf
pdf
pdf
exe
zip
exe
pdf
jpeg
mp3
mp3
pdf
mp4
exe
zip
zip
mp3
mp3
jpeg
mp3
pdf
pdf
pdf
zip
pdf
png
zip
jpg
jpg
png
webm
webp
png
png
mp3
mp3
png
pdf
pdf
pdf
aspx
jpeg
exe
jpg
pdf
docx
png
jpeg
jpeg
exe
docx
pdf
exe
mp4
exe
exe
pdf
pdf
pptx
pdf
pptx
pptx
pdf
png
zip
zip
txt
exe
pdf
pdf
mp3
pdf
pdf
pdf
mp4
pptx
pptx
pptx
txt
txt
mid
mp4
pdf
pdf
png
png
pdf
png
png
pptx
pdf
pdf
docx
docx
pdf
pdf
pdf
pdf
exe
zip
exe
pdf
jpeg
mp3
mp3
pdf
mp4
exe
zip
zip
mp3
mp3
jpeg
mp3
pdf
pdf
pdf
zip
pdf
png
zip
jpg
jpg
png
webm
webp
png
png
mp3
mp3
png
pdf
pdf
pdf
aspx
jpeg
exe
jpg
pdf
docx
png
jpeg
jpeg
exe
docx
mp3
